<?xml version="1.0" encoding="UTF-8"?>
<testsuite xmlns:xsi="http://www.w3.org/2001/XMLSchema-instance" xsi:noNamespaceSchemaLocation="https://maven.apache.org/surefire/maven-surefire-plugin/xsd/surefire-test-report-3.0.xsd" version="3.0" name="com.catalogix.checkout.svc.CompensationOutboxProcessorTest" time="0.115" tests="8" errors="0" skipped="0" failures="0">
  <properties>
[...]
</properties>
  <testcase name="recordsTheFailureAndIncrementsAttemptsWithoutDeadLettering" classname="com.catalogix.checkout.svc.CompensationOutboxProcessorTest" time="0.064">
    <system-out><![CDATA[2026-09-08T00:46:56.178+05:30  WARN 6400 --- [checkout-svc] [           main] c.c.c.svc.CompensationOutboxProcessor    : Compensation outbox entry null attempt 2 failed (RELEASE_STOCK): inventory-svc unreachable
]]></system-out>
  </testcase>
  <testcase name="aFailureInOneEntryDoesNotStopTheRestOfTheBatch" classname="com.catalogix.checkout.svc.CompensationOutboxProcessorTest" time="0.005">
    <system-out><![CDATA[2026-09-08T00:46:56.184+05:30  WARN 6400 --- [checkout-svc] [           main] c.c.c.svc.CompensationOutboxProcessor    : Compensation outbox entry null attempt 1 failed (RELEASE_STOCK): inventory-svc unreachable
]]></system-out>
  </testcase>
  <testcase name="successClearsAnyPriorErrorAttemptsAreLeftAsIs" classname="com.catalogix.checkout.svc.CompensationOutboxProcessorTest" time="0.003"/>
  <testcase name="deadLettersAnEntryOnceItExhaustsMaxAttempts" classname="com.catalogix.checkout.svc.CompensationOutboxProcessorTest" time="0.011">
    <system-out><![CDATA[2026-09-08T00:46:56.197+05:30 ERROR 6400 --- [checkout-svc] [           main] c.c.c.svc.CompensationOutboxProcessor    : Compensation outbox entry null exhausted retries (RELEASE_STOCK): inventory-svc unreachable
]]></system-out>
  </testcase>
  <testcase name="mintsAFreshTokenPerEntryRatherThanOnePerBatch" classname="com.catalogix.checkout.svc.CompensationOutboxProcessorTest" time="0.004"/>
  <testcase name="doesNothingWhenTheBatchIsEmpty" classname="com.catalogix.checkout.svc.CompensationOutboxProcessorTest" time="0.003"/>
  <testcase name="completesACouponReleaseEntryOnSuccess" classname="com.catalogix.checkout.svc.CompensationOutboxProcessorTest" time="0.007"/>
  <testcase name="completesAStockReleaseEntryOnSuccess" classname="com.catalogix.checkout.svc.CompensationOutboxProcessorTest" time="0.011"/>
</testsuite>