<?xml version="1.0" encoding="UTF-8"?>
<testsuite xmlns:xsi="http://www.w3.org/2001/XMLSchema-instance" xsi:noNamespaceSchemaLocation="https://maven.apache.org/surefire/maven-surefire-plugin/xsd/surefire-test-report-3.0.xsd" version="3.0" name="com.catalogix.product.controller.ProductControllerTest" time="8.379" tests="5" errors="0" skipped="0" failures="0">
  <properties>
[...]
</properties>
  <testcase name="listReturnsOk" classname="com.catalogix.product.controller.ProductControllerTest" time="0.48">
    <system-out><![CDATA[05:20:04.073 [main] INFO org.springframework.test.context.support.AnnotationConfigContextLoaderUtils -- Could not detect default configuration classes for test class [com.catalogix.product.controller.ProductControllerTest]: ProductControllerTest does not declare any static, non-private, non-final, nested classes annotated with @Configuration.
05:20:04.466 [main] INFO org.springframework.boot.test.context.SpringBootTestContextBootstrapper -- Found @SpringBootConfiguration com.catalogix.product.ProductSvcApplication for test class com.catalogix.product.controller.ProductControllerTest

  .   ____          _            __ _ _
 /\\ / ___'_ __ _ _(_)_ __  __ _ \ \ \ \
( ( )\___ | '_ | '_| | '_ \/ _` | \ \ \ \
 \\/  ___)| |_)| | | | | || (_| |  ) ) ) )
  '  |____| .__|_| |_|_| |_\__, | / / / /
 =========|_|==============|___/=/_/_/_/

 :: Spring Boot ::               (v3.5.14)

2026-04-29T05:20:05.550+05:30  INFO 23072 --- [product-svc] [           main] c.c.p.controller.ProductControllerTest   : Starting ProductControllerTest using Java 21.0.10 with PID 23072 (started by shubh in D:\Projects\aws-cicd-devsecops\product-svc)
2026-04-29T05:20:05.553+05:30  INFO 23072 --- [product-svc] [           main] c.c.p.controller.ProductControllerTest   : No active profile set, falling back to 1 default profile: "default"
2026-04-29T05:20:10.646+05:30  INFO 23072 --- [product-svc] [           main] o.s.b.t.m.w.SpringBootMockServletContext : Initializing Spring TestDispatcherServlet ''
2026-04-29T05:20:10.647+05:30  INFO 23072 --- [product-svc] [           main] o.s.t.web.servlet.TestDispatcherServlet  : Initializing Servlet ''
2026-04-29T05:20:10.651+05:30  INFO 23072 --- [product-svc] [           main] o.s.t.web.servlet.TestDispatcherServlet  : Completed initialization in 1 ms
2026-04-29T05:20:10.728+05:30  INFO 23072 --- [product-svc] [           main] c.c.p.controller.ProductControllerTest   : Started ProductControllerTest in 6.079 seconds (process running for 8.827)
]]></system-out>
    <system-err><![CDATA[Mockito is currently self-attaching to enable the inline-mock-maker. This will no longer work in future releases of the JDK. Please add Mockito as an agent to your build as described in Mockito's documentation: https://javadoc.io/doc/org.mockito/mockito-core/latest/org.mockito/org/mockito/Mockito.html#0.3
WARNING: A Java agent has been loaded dynamically (C:\Users\shubh\.m2\repository\net\bytebuddy\byte-buddy-agent\1.17.8\byte-buddy-agent-1.17.8.jar)
WARNING: If a serviceability tool is in use, please run with -XX:+EnableDynamicAgentLoading to hide this warning
WARNING: If a serviceability tool is not in use, please run with -Djdk.instrument.traceUsage for more information
WARNING: Dynamic loading of agents will be disallowed by default in a future release
]]></system-err>
  </testcase>
  <testcase name="createReturnsCreated" classname="com.catalogix.product.controller.ProductControllerTest" time="0.685"/>
  <testcase name="getOneReturnsNotFoundWhenMissing" classname="com.catalogix.product.controller.ProductControllerTest" time="0.018"/>
  <testcase name="deleteReturnsNoContent" classname="com.catalogix.product.controller.ProductControllerTest" time="0.012"/>
  <testcase name="deleteReturnsNotFoundWhenMissing" classname="com.catalogix.product.controller.ProductControllerTest" time="0.01"/>
</testsuite>