<?xml version="1.0" encoding="UTF-8"?>
<testsuite xmlns:xsi="http://www.w3.org/2001/XMLSchema-instance" xsi:noNamespaceSchemaLocation="https://maven.apache.org/surefire/maven-surefire-plugin/xsd/surefire-test-report-3.0.xsd" version="3.0" name="com.catalogix.product.integration.ProductRepositoryIntegrationTest" time="12.054" tests="4" errors="0" skipped="0" failures="0">
  <properties>
[...]
</properties>
  <testcase name="saveAndFindProduct" classname="com.catalogix.product.integration.ProductRepositoryIntegrationTest" time="0.35">
    <system-out><![CDATA[2026-04-06T02:46:30.572+05:30  INFO 12988 --- [product-svc] [           main] org.testcontainers.images.PullPolicy     : Image pull policy will be performed by: DefaultPullPolicy()
2026-04-06T02:46:30.581+05:30  INFO 12988 --- [product-svc] [           main] o.t.utility.ImageNameSubstitutor         : Image name substitution will be performed by: DefaultImageNameSubstitutor (composite of 'ConfigurationFileImageNameSubstitutor' and 'PrefixingImageNameSubstitutor')
2026-04-06T02:46:30.604+05:30  INFO 12988 --- [product-svc] [           main] org.testcontainers.DockerClientFactory   : Testcontainers version: 1.21.4
2026-04-06T02:46:31.164+05:30  INFO 12988 --- [product-svc] [           main] o.t.d.DockerClientProviderStrategy       : Loaded org.testcontainers.dockerclient.NpipeSocketClientProviderStrategy from ~/.testcontainers.properties, will try it first
2026-04-06T02:46:31.697+05:30  INFO 12988 --- [product-svc] [           main] o.t.d.DockerClientProviderStrategy       : Found Docker environment with Environment variables, system properties and defaults. Resolved dockerHost=npipe:////./pipe/docker_engine
2026-04-06T02:46:31.702+05:30  INFO 12988 --- [product-svc] [           main] org.testcontainers.DockerClientFactory   : Docker host IP address is localhost
2026-04-06T02:46:31.732+05:30  INFO 12988 --- [product-svc] [           main] org.testcontainers.DockerClientFactory   : Connected to docker: 
  Server Version: 29.3.1
  API Version: 1.54
  Operating System: Docker Desktop
  Total Memory: 3917 MB
  Labels: 
    com.docker.desktop.address=npipe://\\.\pipe\docker_cli
2026-04-06T02:46:32.056+05:30  INFO 12988 --- [product-svc] [           main] tc.testcontainers/ryuk:0.12.0            : Creating container for image: testcontainers/ryuk:0.12.0
2026-04-06T02:46:32.616+05:30  INFO 12988 --- [product-svc] [           main] tc.testcontainers/ryuk:0.12.0            : Container testcontainers/ryuk:0.12.0 is starting: f962a64feb7b328070704f851f9d6612d9ad19b539310f580a8657a460fef8ba
2026-04-06T02:46:33.232+05:30  INFO 12988 --- [product-svc] [           main] tc.testcontainers/ryuk:0.12.0            : Container testcontainers/ryuk:0.12.0 started in PT1.1759668S
2026-04-06T02:46:33.246+05:30  INFO 12988 --- [product-svc] [           main] o.t.utility.RyukResourceReaper           : Ryuk started - will monitor and terminate Testcontainers containers on JVM exit
2026-04-06T02:46:33.246+05:30  INFO 12988 --- [product-svc] [           main] org.testcontainers.DockerClientFactory   : Checking the system...
2026-04-06T02:46:33.248+05:30  INFO 12988 --- [product-svc] [           main] org.testcontainers.DockerClientFactory   : ✔︎ Docker server version should be at least 1.6.0
2026-04-06T02:46:33.249+05:30  INFO 12988 --- [product-svc] [           main] tc.postgres:16-alpine                    : Creating container for image: postgres:16-alpine
2026-04-06T02:46:33.422+05:30  INFO 12988 --- [product-svc] [           main] tc.postgres:16-alpine                    : Container postgres:16-alpine is starting: 03140d86b32a2500d0f26869ebb6928de3fda1908ede8bee2590ab6e5d8d480f
2026-04-06T02:46:35.331+05:30  INFO 12988 --- [product-svc] [           main] tc.postgres:16-alpine                    : Container postgres:16-alpine started in PT2.0822642S
2026-04-06T02:46:35.332+05:30  INFO 12988 --- [product-svc] [           main] tc.postgres:16-alpine                    : Container is started (JDBC URL: jdbc:postgresql://localhost:34952/testdb?loggerLevel=OFF)
2026-04-06T02:46:35.338+05:30  INFO 12988 --- [product-svc] [           main] t.c.s.AnnotationConfigContextLoaderUtils : Could not detect default configuration classes for test class [com.catalogix.product.integration.ProductRepositoryIntegrationTest]: ProductRepositoryIntegrationTest does not declare any static, non-private, non-final, nested classes annotated with @Configuration.
2026-04-06T02:46:35.351+05:30  INFO 12988 --- [product-svc] [           main] .b.t.c.SpringBootTestContextBootstrapper : Found @SpringBootConfiguration com.catalogix.product.ProductSvcApplication for test class com.catalogix.product.integration.ProductRepositoryIntegrationTest

  .   ____          _            __ _ _
 /\\ / ___'_ __ _ _(_)_ __  __ _ \ \ \ \
( ( )\___ | '_ | '_| | '_ \/ _` | \ \ \ \
 \\/  ___)| |_)| | | | | || (_| |  ) ) ) )
  '  |____| .__|_| |_|_| |_\__, | / / / /
 =========|_|==============|___/=/_/_/_/

 :: Spring Boot ::               (v3.5.13)

2026-04-06T02:46:35.411+05:30  INFO 12988 --- [product-svc] [           main] c.c.p.i.ProductRepositoryIntegrationTest : Starting ProductRepositoryIntegrationTest using Java 21.0.10 with PID 12988 (started by shubh in D:\Projects\aws-cicd-devsecops\product-svc)
2026-04-06T02:46:35.413+05:30  INFO 12988 --- [product-svc] [           main] c.c.p.i.ProductRepositoryIntegrationTest : No active profile set, falling back to 1 default profile: "default"
2026-04-06T02:46:36.329+05:30  INFO 12988 --- [product-svc] [           main] .s.d.r.c.RepositoryConfigurationDelegate : Bootstrapping Spring Data JPA repositories in DEFAULT mode.
2026-04-06T02:46:36.408+05:30  INFO 12988 --- [product-svc] [           main] .s.d.r.c.RepositoryConfigurationDelegate : Finished Spring Data repository scanning in 46 ms. Found 1 JPA repository interface.
2026-04-06T02:46:37.043+05:30  INFO 12988 --- [product-svc] [           main] o.s.b.w.embedded.tomcat.TomcatWebServer  : Tomcat initialized with port 0 (http)
2026-04-06T02:46:37.071+05:30  INFO 12988 --- [product-svc] [           main] o.apache.catalina.core.StandardService   : Starting service [Tomcat]
2026-04-06T02:46:37.072+05:30  INFO 12988 --- [product-svc] [           main] o.apache.catalina.core.StandardEngine    : Starting Servlet engine: [Apache Tomcat/10.1.53]
2026-04-06T02:46:37.157+05:30  INFO 12988 --- [product-svc] [           main] o.a.c.c.C.[Tomcat].[localhost].[/]       : Initializing Spring embedded WebApplicationContext
2026-04-06T02:46:37.158+05:30  INFO 12988 --- [product-svc] [           main] w.s.c.ServletWebServerApplicationContext : Root WebApplicationContext: initialization completed in 1743 ms
2026-04-06T02:46:37.554+05:30  INFO 12988 --- [product-svc] [           main] o.hibernate.jpa.internal.util.LogHelper  : HHH000204: Processing PersistenceUnitInfo [name: default]
2026-04-06T02:46:37.693+05:30  INFO 12988 --- [product-svc] [           main] org.hibernate.Version                    : HHH000412: Hibernate ORM core version 6.6.45.Final
2026-04-06T02:46:37.748+05:30  INFO 12988 --- [product-svc] [           main] o.h.c.internal.RegionFactoryInitiator    : HHH000026: Second-level cache disabled
2026-04-06T02:46:37.961+05:30  INFO 12988 --- [product-svc] [           main] o.s.o.j.p.SpringPersistenceUnitInfo      : No LoadTimeWeaver setup: ignoring JPA class transformer
2026-04-06T02:46:38.016+05:30  INFO 12988 --- [product-svc] [           main] com.zaxxer.hikari.HikariDataSource       : HikariPool-1 - Starting...
2026-04-06T02:46:38.408+05:30  INFO 12988 --- [product-svc] [           main] com.zaxxer.hikari.pool.HikariPool        : HikariPool-1 - Added connection org.postgresql.jdbc.PgConnection@6ffb2f39
2026-04-06T02:46:38.412+05:30  INFO 12988 --- [product-svc] [           main] com.zaxxer.hikari.HikariDataSource       : HikariPool-1 - Start completed.
2026-04-06T02:46:38.572+05:30  INFO 12988 --- [product-svc] [           main] org.hibernate.orm.connections.pooling    : HHH10001005: Database info:
	Database JDBC URL [Connecting through datasource 'HikariDataSource (HikariPool-1)']
	Database driver: undefined/unknown
	Database version: 16.13
	Autocommit mode: undefined/unknown
	Isolation level: undefined/unknown
	Minimum pool size: undefined/unknown
	Maximum pool size: undefined/unknown
2026-04-06T02:46:39.980+05:30  INFO 12988 --- [product-svc] [           main] o.h.e.t.j.p.i.JtaPlatformInitiator       : HHH000489: No JTA platform available (set 'hibernate.transaction.jta.platform' to enable JTA platform integration)
2026-04-06T02:46:40.039+05:30  INFO 12988 --- [product-svc] [           main] j.LocalContainerEntityManagerFactoryBean : Initialized JPA EntityManagerFactory for persistence unit 'default'
2026-04-06T02:46:41.113+05:30  INFO 12988 --- [product-svc] [           main] o.s.b.w.embedded.tomcat.TomcatWebServer  : Tomcat started on port 35047 (http) with context path '/'
2026-04-06T02:46:41.244+05:30  INFO 12988 --- [product-svc] [           main] o.s.b.w.embedded.tomcat.TomcatWebServer  : Tomcat initialized with port 0 (http)
2026-04-06T02:46:41.245+05:30  INFO 12988 --- [product-svc] [           main] o.apache.catalina.core.StandardService   : Starting service [Tomcat]
2026-04-06T02:46:41.246+05:30  INFO 12988 --- [product-svc] [           main] o.apache.catalina.core.StandardEngine    : Starting Servlet engine: [Apache Tomcat/10.1.53]
2026-04-06T02:46:41.284+05:30  INFO 12988 --- [product-svc] [           main] o.a.c.c.C.[Tomcat-1].[localhost].[/]     : Initializing Spring embedded WebApplicationContext
2026-04-06T02:46:41.284+05:30  INFO 12988 --- [product-svc] [           main] w.s.c.ServletWebServerApplicationContext : Root WebApplicationContext: initialization completed in 164 ms
2026-04-06T02:46:41.311+05:30  INFO 12988 --- [product-svc] [           main] o.s.b.a.e.web.EndpointLinksResolver      : Exposing 4 endpoints beneath base path '/actuator'
2026-04-06T02:46:41.372+05:30  INFO 12988 --- [product-svc] [           main] o.s.b.w.embedded.tomcat.TomcatWebServer  : Tomcat started on port 35051 (http) with context path '/'
2026-04-06T02:46:41.385+05:30  INFO 12988 --- [product-svc] [           main] c.c.p.i.ProductRepositoryIntegrationTest : Started ProductRepositoryIntegrationTest in 6.024 seconds (process running for 22.452)
]]></system-out>
  </testcase>
  <testcase name="deleteProduct" classname="com.catalogix.product.integration.ProductRepositoryIntegrationTest" time="0.03"/>
  <testcase name="contextLoads" classname="com.catalogix.product.integration.ProductRepositoryIntegrationTest" time="0.005"/>
  <testcase name="listAllProducts" classname="com.catalogix.product.integration.ProductRepositoryIntegrationTest" time="0.191"/>
</testsuite>