<?xml version="1.0" encoding="UTF-8"?>
<testsuite xmlns:xsi="http://www.w3.org/2001/XMLSchema-instance" xsi:noNamespaceSchemaLocation="https://maven.apache.org/surefire/maven-surefire-plugin/xsd/surefire-test-report-3.0.xsd" version="3.0" name="com.catalogix.user.controller.UserControllerTest" time="7.248" tests="8" errors="0" skipped="0" failures="0">
  <properties>
[...]
</properties>
  <testcase name="getAllReturnsEmptyListWhenNoUsers" classname="com.catalogix.user.controller.UserControllerTest" time="0.499">
    <system-out><![CDATA[05:19:49.524 [main] INFO org.springframework.test.context.support.AnnotationConfigContextLoaderUtils -- Could not detect default configuration classes for test class [com.catalogix.user.controller.UserControllerTest]: UserControllerTest does not declare any static, non-private, non-final, nested classes annotated with @Configuration.
05:19:49.892 [main] INFO org.springframework.boot.test.context.SpringBootTestContextBootstrapper -- Found @SpringBootConfiguration com.catalogix.user.UserSvcApplication for test class com.catalogix.user.controller.UserControllerTest

  .   ____          _            __ _ _
 /\\ / ___'_ __ _ _(_)_ __  __ _ \ \ \ \
( ( )\___ | '_ | '_| | '_ \/ _` | \ \ \ \
 \\/  ___)| |_)| | | | | || (_| |  ) ) ) )
  '  |____| .__|_| |_|_| |_\__, | / / / /
 =========|_|==============|___/=/_/_/_/

 :: Spring Boot ::               (v3.5.14)

2026-04-29T05:19:50.996+05:30  INFO 28068 --- [user-svc] [           main] c.c.user.controller.UserControllerTest   : Starting UserControllerTest using Java 21.0.10 with PID 28068 (started by shubh in D:\Projects\aws-cicd-devsecops\user-svc)
2026-04-29T05:19:51.001+05:30  INFO 28068 --- [user-svc] [           main] c.c.user.controller.UserControllerTest   : The following 1 profile is active: "test"
2026-04-29T05:19:55.285+05:30  INFO 28068 --- [user-svc] [           main] o.s.b.t.m.w.SpringBootMockServletContext : Initializing Spring TestDispatcherServlet ''
2026-04-29T05:19:55.286+05:30  INFO 28068 --- [user-svc] [           main] o.s.t.web.servlet.TestDispatcherServlet  : Initializing Servlet ''
2026-04-29T05:19:55.290+05:30  INFO 28068 --- [user-svc] [           main] o.s.t.web.servlet.TestDispatcherServlet  : Completed initialization in 1 ms
2026-04-29T05:19:55.364+05:30  INFO 28068 --- [user-svc] [           main] c.c.user.controller.UserControllerTest   : Started UserControllerTest in 5.289 seconds (process running for 7.727)
]]></system-out>
    <system-err><![CDATA[Mockito is currently self-attaching to enable the inline-mock-maker. This will no longer work in future releases of the JDK. Please add Mockito as an agent to your build as described in Mockito's documentation: https://javadoc.io/doc/org.mockito/mockito-core/latest/org.mockito/org/mockito/Mockito.html#0.3
WARNING: A Java agent has been loaded dynamically (C:\Users\shubh\.m2\repository\net\bytebuddy\byte-buddy-agent\1.17.8\byte-buddy-agent-1.17.8.jar)
WARNING: If a serviceability tool is in use, please run with -XX:+EnableDynamicAgentLoading to hide this warning
WARNING: If a serviceability tool is not in use, please run with -Djdk.instrument.traceUsage for more information
WARNING: Dynamic loading of agents will be disallowed by default in a future release
]]></system-err>
  </testcase>
  <testcase name="loginFailureReturns401" classname="com.catalogix.user.controller.UserControllerTest" time="0.35"/>
  <testcase name="registerDuplicateEmailReturns409" classname="com.catalogix.user.controller.UserControllerTest" time="0.034"/>
  <testcase name="getAllReturnsListOfUsers" classname="com.catalogix.user.controller.UserControllerTest" time="0.017"/>
  <testcase name="registerReturnsCreated" classname="com.catalogix.user.controller.UserControllerTest" time="0.025">
    <system-out><![CDATA[
MockHttpServletRequest:
      HTTP Method = POST
      Request URI = /users/register
       Parameters = {}
          Headers = [Content-Type:"application/json;charset=UTF-8", Content-Length:"65"]
             Body = {"name":"John","email":"john@example.com","password":"Password1"}
    Session Attrs = {}

Handler:
             Type = com.catalogix.user.controller.UserController
           Method = com.catalogix.user.controller.UserController#register(CreateUserRequest)

Async:
    Async started = false
     Async result = null

Resolved Exception:
             Type = null

ModelAndView:
        View name = null
             View = null
            Model = null

FlashMap:
       Attributes = null

MockHttpServletResponse:
           Status = 201
    Error message = null
          Headers = [Location:"http://localhost/users/register/1", Content-Type:"application/json"]
     Content type = application/json
             Body = {"id":1,"name":"John","email":"john@example.com"}
    Forwarded URL = null
   Redirected URL = http://localhost/users/register/1
          Cookies = []
]]></system-out>
  </testcase>
  <testcase name="deleteReturnsNotFoundWhenUserMissing" classname="com.catalogix.user.controller.UserControllerTest" time="0.022"/>
  <testcase name="deleteReturnsNoContent" classname="com.catalogix.user.controller.UserControllerTest" time="0.01"/>
  <testcase name="loginReturnsOkWithUserData" classname="com.catalogix.user.controller.UserControllerTest" time="0.013"/>
</testsuite>